This is pdfTeX, Version 3.14159265-2.6-1.40.21 (TeX Live 2020) (preloaded format=pdflatex 2020.4.22)  14 NOV 2020 15:56
entering extended mode
 restricted \write18 enabled.
 file:line:error style messages enabled.
 %&-line parsing enabled.
**diff_file.tex
(./diff_file.tex
LaTeX2e <2020-02-02> patch level 5
L3 programming layer <2020-03-06> (./IEEEtran.cls
Document Class: IEEEtran 2015/08/26 V1.8b by Michael Shell
-- See the "IEEEtran_HOWTO" manual for usage information.
-- http://www.michaelshell.org/tex/ieeetran/
\@IEEEtrantmpdimenA=\dimen134
\@IEEEtrantmpdimenB=\dimen135
\@IEEEtrantmpdimenC=\dimen136
\@IEEEtrantmpcountA=\count167
\@IEEEtrantmpcountB=\count168
\@IEEEtrantmpcountC=\count169
\@IEEEtrantmptoksA=\toks15
LaTeX Font Info:    Trying to load font information for OT1+ptm on input line 503.
(/usr/local/texlive/2020/texmf-dist/tex/latex/psnfss/ot1ptm.fd
File: ot1ptm.fd 2001/06/04 font definitions for OT1/ptm.
)
-- Using 8.5in x 11in (letter) paper.
-- Using PDF output.
\@IEEEnormalsizeunitybaselineskip=\dimen137
-- This is a 10 point document.
\CLASSINFOnormalsizebaselineskip=\dimen138
\CLASSINFOnormalsizeunitybaselineskip=\dimen139
\IEEEnormaljot=\dimen140
LaTeX Font Info:    Font shape `OT1/ptm/bx/n' in size <5> not available
(Font)              Font shape `OT1/ptm/b/n' tried instead on input line 1090.
LaTeX Font Info:    Font shape `OT1/ptm/bx/it' in size <5> not available
(Font)              Font shape `OT1/ptm/b/it' tried instead on input line 1090.
LaTeX Font Info:    Font shape `OT1/ptm/bx/n' in size <7> not available
(Font)              Font shape `OT1/ptm/b/n' tried instead on input line 1090.
LaTeX Font Info:    Font shape `OT1/ptm/bx/it' in size <7> not available
(Font)              Font shape `OT1/ptm/b/it' tried instead on input line 1090.
LaTeX Font Info:    Font shape `OT1/ptm/bx/n' in size <8> not available
(Font)              Font shape `OT1/ptm/b/n' tried instead on input line 1090.
LaTeX Font Info:    Font shape `OT1/ptm/bx/it' in size <8> not available
(Font)              Font shape `OT1/ptm/b/it' tried instead on input line 1090.
LaTeX Font Info:    Font shape `OT1/ptm/bx/n' in size <9> not available
(Font)              Font shape `OT1/ptm/b/n' tried instead on input line 1090.
LaTeX Font Info:    Font shape `OT1/ptm/bx/it' in size <9> not available
(Font)              Font shape `OT1/ptm/b/it' tried instead on input line 1090.
LaTeX Font Info:    Font shape `OT1/ptm/bx/n' in size <10> not available
(Font)              Font shape `OT1/ptm/b/n' tried instead on input line 1090.
LaTeX Font Info:    Font shape `OT1/ptm/bx/it' in size <10> not available
(Font)              Font shape `OT1/ptm/b/it' tried instead on input line 1090.
LaTeX Font Info:    Font shape `OT1/ptm/bx/n' in size <11> not available
(Font)              Font shape `OT1/ptm/b/n' tried instead on input line 1090.
LaTeX Font Info:    Font shape `OT1/ptm/bx/it' in size <11> not available
(Font)              Font shape `OT1/ptm/b/it' tried instead on input line 1090.
LaTeX Font Info:    Font shape `OT1/ptm/bx/n' in size <12> not available
(Font)              Font shape `OT1/ptm/b/n' tried instead on input line 1090.
LaTeX Font Info:    Font shape `OT1/ptm/bx/it' in size <12> not available
(Font)              Font shape `OT1/ptm/b/it' tried instead on input line 1090.
LaTeX Font Info:    Font shape `OT1/ptm/bx/n' in size <17> not available
(Font)              Font shape `OT1/ptm/b/n' tried instead on input line 1090.
LaTeX Font Info:    Font shape `OT1/ptm/bx/it' in size <17> not available
(Font)              Font shape `OT1/ptm/b/it' tried instead on input line 1090.
LaTeX Font Info:    Font shape `OT1/ptm/bx/n' in size <20> not available
(Font)              Font shape `OT1/ptm/b/n' tried instead on input line 1090.
LaTeX Font Info:    Font shape `OT1/ptm/bx/it' in size <20> not available
(Font)              Font shape `OT1/ptm/b/it' tried instead on input line 1090.
LaTeX Font Info:    Font shape `OT1/ptm/bx/n' in size <24> not available
(Font)              Font shape `OT1/ptm/b/n' tried instead on input line 1090.
LaTeX Font Info:    Font shape `OT1/ptm/bx/it' in size <24> not available
(Font)              Font shape `OT1/ptm/b/it' tried instead on input line 1090.
\IEEEquantizedlength=\dimen141
\IEEEquantizedlengthdiff=\dimen142
\IEEEquantizedtextheightdiff=\dimen143
\IEEEilabelindentA=\dimen144
\IEEEilabelindentB=\dimen145
\IEEEilabelindent=\dimen146
\IEEEelabelindent=\dimen147
\IEEEdlabelindent=\dimen148
\IEEElabelindent=\dimen149
\IEEEiednormlabelsep=\dimen150
\IEEEiedmathlabelsep=\dimen151
\IEEEiedtopsep=\skip47
\c@section=\count170
\c@subsection=\count171
\c@subsubsection=\count172
\c@paragraph=\count173
\c@IEEEsubequation=\count174
\abovecaptionskip=\skip48
\belowcaptionskip=\skip49
\c@figure=\count175
\c@table=\count176
\@IEEEeqnnumcols=\count177
\@IEEEeqncolcnt=\count178
\@IEEEsubeqnnumrollback=\count179
\@IEEEquantizeheightA=\dimen152
\@IEEEquantizeheightB=\dimen153
\@IEEEquantizeheightC=\dimen154
\@IEEEquantizeprevdepth=\dimen155
\@IEEEquantizemultiple=\count180
\@IEEEquantizeboxA=\box45
\@IEEEtmpitemindent=\dimen156
\IEEEPARstartletwidth=\dimen157
\c@IEEEbiography=\count181
\@IEEEtranrubishbin=\box46
)
** ATTENTION: Overriding command lockouts (line 5).
(/usr/local/texlive/2020/texmf-dist/tex/latex/cite/cite.sty
LaTeX Info: Redefining \cite on input line 302.
LaTeX Info: Redefining \nocite on input line 332.
Package: cite 2015/02/27  v 5.5
) (/usr/local/texlive/2020/texmf-dist/tex/latex/amsmath/amsmath.sty
Package: amsmath 2020/01/20 v2.17e AMS math features
\@mathmargin=\skip50

For additional information on amsmath, use the `?' option.
(/usr/local/texlive/2020/texmf-dist/tex/latex/amsmath/amstext.sty
Package: amstext 2000/06/29 v2.01 AMS text
 (/usr/local/texlive/2020/texmf-dist/tex/latex/amsmath/amsgen.sty
File: amsgen.sty 1999/11/30 v2.0 generic functions
\@emptytoks=\toks16
\ex@=\dimen158
)) (/usr/local/texlive/2020/texmf-dist/tex/latex/amsmath/amsbsy.sty
Package: amsbsy 1999/11/29 v1.2d Bold Symbols
\pmbraise@=\dimen159
) (/usr/local/texlive/2020/texmf-dist/tex/latex/amsmath/amsopn.sty
Package: amsopn 2016/03/08 v2.02 operator names
)
\inf@bad=\count182
LaTeX Info: Redefining \frac on input line 227.
\uproot@=\count183
\leftroot@=\count184
LaTeX Info: Redefining \overline on input line 389.
\classnum@=\count185
\DOTSCASE@=\count186
LaTeX Info: Redefining \ldots on input line 486.
LaTeX Info: Redefining \dots on input line 489.
LaTeX Info: Redefining \cdots on input line 610.
\Mathstrutbox@=\box47
\strutbox@=\box48
\big@size=\dimen160
LaTeX Font Info:    Redeclaring font encoding OML on input line 733.
LaTeX Font Info:    Redeclaring font encoding OMS on input line 734.
\macc@depth=\count187
\c@MaxMatrixCols=\count188
\dotsspace@=\muskip16
\c@parentequation=\count189
\dspbrk@lvl=\count190
\tag@help=\toks17
\row@=\count191
\column@=\count192
\maxfields@=\count193
\andhelp@=\toks18
\eqnshift@=\dimen161
\alignsep@=\dimen162
\tagshift@=\dimen163
\tagwidth@=\dimen164
\totwidth@=\dimen165
\lineht@=\dimen166
\@envbody=\toks19
\multlinegap=\skip51
\multlinetaggap=\skip52
\mathdisplay@stack=\toks20
LaTeX Info: Redefining \[ on input line 2859.
LaTeX Info: Redefining \] on input line 2860.
) (/usr/local/texlive/2020/texmf-dist/tex/latex/amsfonts/amssymb.sty
Package: amssymb 2013/01/14 v3.01 AMS font symbols
 (/usr/local/texlive/2020/texmf-dist/tex/latex/amsfonts/amsfonts.sty
Package: amsfonts 2013/01/14 v3.01 Basic AMSFonts support
\symAMSa=\mathgroup4
\symAMSb=\mathgroup5
LaTeX Font Info:    Redeclaring math symbol \hbar on input line 98.
LaTeX Font Info:    Overwriting math alphabet `\mathfrak' in version `bold'
(Font)                  U/euf/m/n --> U/euf/b/n on input line 106.
)) (/usr/local/texlive/2020/texmf-dist/tex/latex/algorithms/algorithmic.sty
Package: algorithmic 2009/08/24 v0.1 Document Style `algorithmic'
 (/usr/local/texlive/2020/texmf-dist/tex/latex/base/ifthen.sty
Package: ifthen 2014/09/29 v1.1c Standard LaTeX ifthen package (DPC)
) (/usr/local/texlive/2020/texmf-dist/tex/latex/graphics/keyval.sty
Package: keyval 2014/10/28 v1.15 key=value parser (DPC)
\KV@toks@=\toks21
)
\c@ALC@unique=\count194
\c@ALC@line=\count195
\c@ALC@rem=\count196
\c@ALC@depth=\count197
\ALC@tlm=\skip53
\algorithmicindent=\skip54
) (/usr/local/texlive/2020/texmf-dist/tex/latex/graphics/graphicx.sty
Package: graphicx 2019/11/30 v1.2a Enhanced LaTeX Graphics (DPC,SPQR)
 (/usr/local/texlive/2020/texmf-dist/tex/latex/graphics/graphics.sty
Package: graphics 2019/11/30 v1.4a Standard LaTeX Graphics (DPC,SPQR)
 (/usr/local/texlive/2020/texmf-dist/tex/latex/graphics/trig.sty
Package: trig 2016/01/03 v1.10 sin cos tan (DPC)
) (/usr/local/texlive/2020/texmf-dist/tex/latex/graphics-cfg/graphics.cfg
File: graphics.cfg 2016/06/04 v1.11 sample graphics configuration
)
Package graphics Info: Driver file: pdftex.def on input line 105.
 (/usr/local/texlive/2020/texmf-dist/tex/latex/graphics-def/pdftex.def
File: pdftex.def 2018/01/08 v1.0l Graphics/color driver for pdftex
))
\Gin@req@height=\dimen167
\Gin@req@width=\dimen168
) (/usr/local/texlive/2020/texmf-dist/tex/latex/base/textcomp.sty
Package: textcomp 2020/02/02 v2.0n Standard LaTeX package
) (/usr/local/texlive/2020/texmf-dist/tex/latex/xcolor/xcolor.sty
Package: xcolor 2016/05/11 v2.12 LaTeX color extensions (UK)
 (/usr/local/texlive/2020/texmf-dist/tex/latex/graphics-cfg/color.cfg
File: color.cfg 2016/01/02 v1.6 sample color configuration
)
Package xcolor Info: Driver file: pdftex.def on input line 225.
Package xcolor Info: Model `cmy' substituted by `cmy0' on input line 1348.
Package xcolor Info: Model `hsb' substituted by `rgb' on input line 1352.
Package xcolor Info: Model `RGB' extended on input line 1364.
Package xcolor Info: Model `HTML' substituted by `rgb' on input line 1366.
Package xcolor Info: Model `Hsb' substituted by `hsb' on input line 1367.
Package xcolor Info: Model `tHsb' substituted by `hsb' on input line 1368.
Package xcolor Info: Model `HSB' substituted by `hsb' on input line 1369.
Package xcolor Info: Model `Gray' substituted by `gray' on input line 1370.
Package xcolor Info: Model `wave' substituted by `hsb' on input line 1371.
) (/usr/local/texlive/2020/texmf-dist/tex/latex/csvsimple/csvsimple.sty
Package: csvsimple 2019/04/09 version 1.21 LaTeX CSV file processing
 (/usr/local/texlive/2020/texmf-dist/tex/latex/pgf/utilities/pgfrcs.sty (/usr/local/texlive/2020/texmf-dist/tex/generic/pgf/utilities/pgfutil-common.tex
\pgfutil@everybye=\toks22
\pgfutil@tempdima=\dimen169
\pgfutil@tempdimb=\dimen170
 (/usr/local/texlive/2020/texmf-dist/tex/generic/pgf/utilities/pgfutil-common-lists.tex)) (/usr/local/texlive/2020/texmf-dist/tex/generic/pgf/utilities/pgfutil-latex.def
\pgfutil@abb=\box49
 (/usr/local/texlive/2020/texmf-dist/tex/latex/ms/everyshi.sty
Package: everyshi 2001/05/15 v3.00 EveryShipout Package (MS)
)) (/usr/local/texlive/2020/texmf-dist/tex/generic/pgf/utilities/pgfrcs.code.tex (/usr/local/texlive/2020/texmf-dist/tex/generic/pgf/pgf.revision.tex)
Package: pgfrcs 2020/01/08 v3.1.5b (3.1.5b)
)) (/usr/local/texlive/2020/texmf-dist/tex/latex/pgf/utilities/pgfkeys.sty (/usr/local/texlive/2020/texmf-dist/tex/generic/pgf/utilities/pgfkeys.code.tex
\pgfkeys@pathtoks=\toks23
\pgfkeys@temptoks=\toks24
 (/usr/local/texlive/2020/texmf-dist/tex/generic/pgf/utilities/pgfkeysfiltered.code.tex
\pgfkeys@tmptoks=\toks25
)))
(/usr/local/texlive/2020/texmf-dist/tex/latex/etoolbox/etoolbox.sty
Package: etoolbox 2019/09/21 v2.5h e-TeX tools for LaTeX (JAW)
\etb@tempcnta=\count198
) (/usr/local/texlive/2020/texmf-dist/tex/latex/tools/shellesc.sty
Package: shellesc 2019/11/08 v1.0c unified shell escape interface for LaTeX
Package shellesc Info: Restricted shell escape enabled on input line 77.
)
\csv@file=\read2
\c@csvinputline=\count199
\c@csvrow=\count266
\c@csvcol=\count267
\csv@out=\write3
) (/usr/local/texlive/2020/texmf-dist/tex/latex/booktabs/booktabs.sty
Package: booktabs 2020/01/12 v1.61803398 Publication quality tables
\heavyrulewidth=\dimen171
\lightrulewidth=\dimen172
\cmidrulewidth=\dimen173
\belowrulesep=\dimen174
\belowbottomsep=\dimen175
\aboverulesep=\dimen176
\abovetopsep=\dimen177
\cmidrulesep=\dimen178
\cmidrulekern=\dimen179
\defaultaddspace=\dimen180
\@cmidla=\count268
\@cmidlb=\count269
\@aboverulesep=\dimen181
\@belowrulesep=\dimen182
\@thisruleclass=\count270
\@lastruleclass=\count271
\@thisrulewidth=\dimen183
) (/usr/local/texlive/2020/texmf-dist/tex/latex/algorithms/algorithm.sty
Package: algorithm 2009/08/24 v0.1 Document Style `algorithm' - floating environment
 (/usr/local/texlive/2020/texmf-dist/tex/latex/float/float.sty
Package: float 2001/11/08 v1.3d Float enhancements (AL)
\c@float@type=\count272
\float@exts=\toks26
\float@box=\box50
\@float@everytoks=\toks27
\@floatcapt=\box51
)
\@float@every@algorithm=\toks28
\c@algorithm=\count273
) (/usr/local/texlive/2020/texmf-dist/tex/latex/breqn/breqn.sty (/usr/local/texlive/2020/texmf-dist/tex/latex/l3kernel/expl3.sty
Package: expl3 2020-03-06 L3 programming layer (loader) 
 (/usr/local/texlive/2020/texmf-dist/tex/latex/l3backend/l3backend-pdfmode.def
File: l3backend-pdfmode.def 2020-03-12 L3 backend support: PDF mode
\l__kernel_color_stack_int=\count274
\l__pdf_internal_box=\box52
))
Package: breqn 2020/02/18 v0.98i Breaking equations
 (/usr/local/texlive/2020/texmf-dist/tex/latex/breqn/flexisym.sty
Package: flexisym 2020/02/18 v0.98i Make math characters macros
LaTeX Info: Redefining \textprime on input line 298.
LaTeX Info: Redefining \not on input line 356.
 (/usr/local/texlive/2020/texmf-dist/tex/latex/breqn/cmbase.sym
File: cmbase.sym 2007/12/19 v0.92
LaTeX Info: Redefining \hbar on input line 323.
LaTeX Info: Redefining \surd on input line 325.
LaTeX Info: Redefining \angle on input line 333.
LaTeX Info: Redefining \neq on input line 334.
LaTeX Info: Redefining \mapsto on input line 335.
LaTeX Info: Redefining \cong on input line 336.
LaTeX Info: Redefining \notin on input line 339.
LaTeX Info: Redefining \rightleftharpoons on input line 340.
LaTeX Info: Redefining \doteq on input line 341.
LaTeX Info: Redefining \hookrightarrow on input line 342.
LaTeX Info: Redefining \hookleftarrow on input line 343.
LaTeX Info: Redefining \bowtie on input line 344.
LaTeX Info: Redefining \models on input line 345.
LaTeX Info: Redefining \Longrightarrow on input line 346.
LaTeX Info: Redefining \longrightarrow on input line 347.
LaTeX Info: Redefining \Longleftarrow on input line 348.
LaTeX Info: Redefining \longleftarrow on input line 349.
LaTeX Info: Redefining \longmapsto on input line 350.
LaTeX Info: Redefining \longleftrightarrow on input line 351.
LaTeX Info: Redefining \Longleftrightarrow on input line 352.
LaTeX Info: Redefining \cdots on input line 356.
LaTeX Info: Redefining \vdots on input line 359.
LaTeX Info: Redefining \ddots on input line 364.
) (/usr/local/texlive/2020/texmf-dist/tex/latex/breqn/mathstyle.sty
Package: mathstyle 2020/02/18 v0.98i Tracking mathstyle implicitly
LaTeX Info: Redefining \displaystyle on input line 93.
LaTeX Info: Redefining \textstyle on input line 95.
LaTeX Info: Redefining \scriptstyle on input line 97.
LaTeX Info: Redefining \scriptscriptstyle on input line 99.
LaTeX Info: Redefining \genfrac on input line 145.
)) (/usr/local/texlive/2020/texmf-dist/tex/latex/tools/calc.sty
Package: calc 2017/05/25 v4.3 Infix arithmetic (KKT,FJ)
\calc@Acount=\count275
\calc@Bcount=\count276
\calc@Adimen=\dimen184
\calc@Bdimen=\dimen185
\calc@Askip=\skip55
\calc@Bskip=\skip56
LaTeX Info: Redefining \setlength on input line 80.
LaTeX Info: Redefining \addtolength on input line 81.
\calc@Ccount=\count277
\calc@Cskip=\skip57
)
\inf@bad=\count278
\maxint=\count279
\listwidth=\dimen186
\eqnumsep=\dimen187
\eqmargin=\dimen188
\eqlinespacing=\skip58
\eqlineskip=\skip59
\eqlineskiplimit=\dimen189
\eqbinoffset=\muskip17
\eqdelimoffset=\muskip18
\eqindentstep=\dimen190
\eqstyle=\toks29
\eqbreakdepth=\count280
\eqinterlinepenalty=\count281
\intereqpenalty=\count282
\intereqskip=\skip60
\prerelpenalty=\count283
\prebinoppenalty=\count284
\Dmedmuskip=\muskip19
\Dthickmuskip=\muskip20
\eqleftskip=\skip61
\eqrightskip=\skip62
\eq@vspan=\skip63
\eq@binoffset=\muskip21
\EQ@box=\box53
\EQ@copy=\box54
\EQ@numbox=\box55
\eq@wdNum=\dimen191
\GRP@numbox=\box56
\grp@wdNum=\dimen192
\eq@lines=\count285
\eq@curline=\count286
\eq@badness=\count287
\EQ@vims=\count288
\eq@dp=\dimen193
\eq@wdL=\dimen194
\eq@wdT=\dimen195
\eq@wdMin=\dimen196
\grp@wdL=\dimen197
\grp@wdR=\dimen198
\grp@wdT=\dimen199
\eq@wdRmax=\dimen256
\eq@firstht=\dimen257
\eq@wdCond=\dimen258
\eq@indentstep=\dimen259
\eq@linewidth=\dimen260
\grp@linewidth=\dimen261
\eq@hshift=\dimen262
\eq@given@sidespace=\dimen263
\mathindent=\dimen264
\eq@final@linecount=\count289
\eq@wdR=\dimen265
\EQ@continue=\toks30
\lr@level=\count290
\GRP@queue=\toks31
\GRP@box=\box57
\GRP@wholebox=\box58
\darraycolsep=\skip64
\cur@row=\count291
\cur@col=\count292
\conditionsep=\skip65
) (/usr/local/texlive/2020/texmf-dist/tex/latex/caption/subcaption.sty
Package: subcaption 2020/01/22 v1.3d Sub-captions (AR)
 (/usr/local/texlive/2020/texmf-dist/tex/latex/caption/caption.sty
Package: caption 2020/01/03 v3.4h Customizing captions (AR)
 (/usr/local/texlive/2020/texmf-dist/tex/latex/caption/caption3.sty
Package: caption3 2020/01/03 v1.8h caption3 kernel (AR)
Package caption3 Info: TeX engine: e-TeX on input line 61.
\captionmargin=\dimen266
\captionmargin@=\dimen267
\captionwidth=\dimen268
\caption@tempdima=\dimen269
\caption@indent=\dimen270
\caption@parindent=\dimen271
\caption@hangindent=\dimen272
Package caption Info: Unknown document class (or package),
(caption)             standard defaults will be used.
Package caption Info: \@makecaption = \long macro:#1#2->\ifx \@captype \@IEEEtablestring \footnotesize \bgroup \par \centering \@IEEEtabletopskipstrut {\normalfont \footnotesize #1}\\{\normalfont \footnotesize \scshape #2}\par \addvspace {0.5\baselineskip }\egroup \@IEEEtablecaptionsepspace \else \@IEEEfigurecaptionsepspace \setbox \@tempboxa \hbox {\normalfont \footnotesize {#1.}\nobreakspace \nobreakspace #2}\ifdim \wd \@tempboxa >\hsize \setbox \@tempboxa \hbox {\normalfont \footnotesize {#1.}\nobreakspace \nobreakspace }\parbox [t]{\hsize }{\normalfont \footnotesize \noindent \unhbox \@tempboxa #2}\else \ifCLASSOPTIONconference \hbox to\hsize {\normalfont \footnotesize \hfil \box \@tempboxa \hfil }\else \hbox to\hsize {\normalfont \footnotesize \box \@tempboxa \hfil }\fi \fi \fi  on input line 1082.
)

Package caption Warning: Unknown document class (or package),
(caption)                standard defaults will be used.
See the caption package documentation for explanation.

\c@caption@flags=\count293
\c@continuedfloat=\count294
Package caption Info: float package is loaded.
)
\c@subfigure=\count295
\c@subtable=\count296
) (/usr/local/texlive/2020/texmf-dist/tex/generic/ulem/ulem.sty
\UL@box=\box59
\UL@hyphenbox=\box60
\UL@skip=\skip66
\UL@hook=\toks32
\UL@height=\dimen273
\UL@pe=\count297
\UL@pixel=\dimen274
\ULC@box=\box61
Package: ulem 2019/11/18
\ULdepth=\dimen275
) (/usr/local/texlive/2020/texmf-dist/tex/latex/oberdiek/settobox.sty
Package: settobox 2016/05/16 v1.5 Assign box dimensions to length registers (HO)
) (/usr/local/texlive/2020/texmf-dist/tex/latex/letltxmacro/letltxmacro.sty
Package: letltxmacro 2019/12/03 v1.6 Let assignment for LaTeX macros (HO)
)
\DIFdelgraphicsbox=\box62
\DIFdelgraphicswidth=\skip67
\DIFdelgraphicsheight=\skip68
LaTeX Info: Redefining \DIFaddbegin on input line 70.
LaTeX Info: Redefining \DIFaddend on input line 71.
LaTeX Info: Redefining \DIFdelbegin on input line 72.
LaTeX Info: Redefining \DIFdelend on input line 73.
LaTeX Info: Redefining \DIFaddbeginFL on input line 78.
LaTeX Info: Redefining \DIFaddendFL on input line 79.
LaTeX Info: Redefining \DIFdelbeginFL on input line 80.
LaTeX Info: Redefining \DIFdelendFL on input line 81.
 (/usr/local/texlive/2020/texmf-dist/tex/latex/listings/listings.sty
\lst@mode=\count298
\lst@gtempboxa=\box63
\lst@token=\toks33
\lst@length=\count299
\lst@currlwidth=\dimen276
\lst@column=\count300
\lst@pos=\count301
\lst@lostspace=\dimen277
\lst@width=\dimen278
\lst@newlines=\count302
\lst@lineno=\count303
\lst@maxwidth=\dimen279
 (/usr/local/texlive/2020/texmf-dist/tex/latex/listings/lstmisc.sty
File: lstmisc.sty 2020/03/24 1.8d (Carsten Heinz)
\c@lstnumber=\count304
\lst@skipnumbers=\count305
\lst@framebox=\box64
) (/usr/local/texlive/2020/texmf-dist/tex/latex/listings/listings.cfg
File: listings.cfg 2020/03/24 1.8d listings configuration
))
Package: listings 2020/03/24 1.8d (Carsten Heinz)
 (./diff_file.aux)
\openout1 = `diff_file.aux'.

LaTeX Font Info:    Checking defaults for OML/cmm/m/it on input line 100.
LaTeX Font Info:    ... okay on input line 100.
LaTeX Font Info:    Checking defaults for OMS/cmsy/m/n on input line 100.
LaTeX Font Info:    ... okay on input line 100.
LaTeX Font Info:    Checking defaults for OT1/cmr/m/n on input line 100.
LaTeX Font Info:    ... okay on input line 100.
LaTeX Font Info:    Checking defaults for T1/cmr/m/n on input line 100.
LaTeX Font Info:    ... okay on input line 100.
LaTeX Font Info:    Checking defaults for TS1/cmr/m/n on input line 100.
LaTeX Font Info:    ... okay on input line 100.
LaTeX Font Info:    Checking defaults for OMX/cmex/m/n on input line 100.
LaTeX Font Info:    ... okay on input line 100.
LaTeX Font Info:    Checking defaults for U/cmr/m/n on input line 100.
LaTeX Font Info:    ... okay on input line 100.

-- Lines per column: 56 (exact).
(/usr/local/texlive/2020/texmf-dist/tex/context/base/mkii/supp-pdf.mkii
[Loading MPS to PDF converter (version 2006.09.02).]
\scratchcounter=\count306
\scratchdimen=\dimen280
\scratchbox=\box65
\nofMPsegments=\count307
\nofMParguments=\count308
\everyMPshowfont=\toks34
\MPscratchCnt=\count309
\MPscratchDim=\dimen281
\MPnumerator=\count310
\makeMPintoPDFobject=\count311
\everyMPtoPDFconversion=\toks35
) (/usr/local/texlive/2020/texmf-dist/tex/latex/epstopdf-pkg/epstopdf-base.sty
Package: epstopdf-base 2020-01-24 v2.11 Base part for package epstopdf
Package epstopdf-base Info: Redefining graphics rule for `.eps' on input line 485.
 (/usr/local/texlive/2020/texmf-dist/tex/latex/latexconfig/epstopdf-sys.cfg
File: epstopdf-sys.cfg 2010/07/13 v1.3 Configuration of (r)epstopdf for TeX Live
)) ABD: EveryShipout initializing macros
Package caption Info: Begin \AtBeginDocument code.
Package caption Info: listings package is loaded.
Package caption Info: End \AtBeginDocument code.
\c@lstlisting=\count312
LaTeX Font Info:    Calculating math sizes for size <11> on input line 160.
LaTeX Font Info:    Trying to load font information for U+msa on input line 160.
 (/usr/local/texlive/2020/texmf-dist/tex/latex/amsfonts/umsa.fd
File: umsa.fd 2013/01/14 v3.01 AMS symbols A
)
LaTeX Font Info:    Trying to load font information for U+msb on input line 160.
 (/usr/local/texlive/2020/texmf-dist/tex/latex/amsfonts/umsb.fd
File: umsb.fd 2013/01/14 v3.01 AMS symbols B
)
LaTeX Font Info:    Trying to load font information for TS1+ptm on input line 160.
 (/usr/local/texlive/2020/texmf-dist/tex/latex/psnfss/ts1ptm.fd
File: ts1ptm.fd 2001/06/04 font definitions for TS1/ptm.
)
LaTeX Font Info:    Trying to load font information for OMS+ptm on input line 160.
 (/usr/local/texlive/2020/texmf-dist/tex/latex/psnfss/omsptm.fd
File: omsptm.fd 
)
LaTeX Font Info:    Font shape `OMS/ptm/m/n' in size <10> not available
(Font)              Font shape `OMS/cmsy/m/n' tried instead on input line 160.


LaTeX Warning: Citation `Kell2020c' on page 1 undefined on input line 190.


LaTeX Warning: Citation `Kell' on page 1 undefined on input line 197.


LaTeX Warning: Citation `Kell2020' on page 1 undefined on input line 197.


LaTeX Warning: Citation `Kell2019a' on page 1 undefined on input line 197.


LaTeX Warning: Citation `Hunt2016a' on page 1 undefined on input line 199.


LaTeX Warning: Citation `Ye2020a' on page 1 undefined on input line 199.

[1{/usr/local/texlive/2020/texmf-var/fonts/map/pdftex/updmap/pdftex.map}


]
Underfull \hbox (badness 10000) in paragraph at lines 203--204
[]\OT1/ptm/m/n/10 Additionally, the sim-u-la-tion model, Elec-Sim, is
 []


Underfull \hbox (badness 4531) in paragraph at lines 203--204
\OT1/ptm/m/n/10 parametrized by real-world data. This real-world data
 []


LaTeX Warning: Citation `EsmaeiliAliabadi2017' on page 2 undefined on input line 206.


LaTeX Warning: Citation `Tellidou2007' on page 2 undefined on input line 206.


LaTeX Warning: Citation `Wang2011' on page 2 undefined on input line 209.


LaTeX Warning: Citation `Wang2011' on page 2 undefined on input line 238.


LaTeX Warning: Citation `EsmaeiliAliabadi2017' on page 2 undefined on input line 238.


LaTeX Warning: Citation `VijayaKumar2014' on page 2 undefined on input line 242.


LaTeX Warning: Citation `Wang2011' on page 2 undefined on input line 244.


LaTeX Warning: Citation `Bell2010' on page 2 undefined on input line 244.

[2]

LaTeX Warning: Citation `Yang2020' on page 3 undefined on input line 258.


LaTeX Warning: Citation `EsmaeiliAliabadi2017' on page 3 undefined on input line 261.


LaTeX Warning: Citation `Bertrand2019' on page 3 undefined on input line 263.


LaTeX Warning: Citation `Ye2020a' on page 3 undefined on input line 265.


LaTeX Warning: Citation `Schaul2016' on page 3 undefined on input line 265.


LaTeX Warning: Citation `Zhao2016' on page 3 undefined on input line 269.


LaTeX Warning: Citation `Gay2007' on page 3 undefined on input line 307.


LaTeX Warning: Citation `Sutton2015' on page 3 undefined on input line 307.

[3]
Underfull \hbox (badness 1490) in paragraph at lines 314--316
$\OML/cmm/m/it/10  \OMS/cmsy/m/n/10 2 \OT1/cmr/m/n/10 [0\OML/cmm/m/it/10 ; \OT1/cmr/m/n/10 1]$ \OT1/ptm/m/n/10 is the step size, $\OML/cmm/m/it/10 ^^N[]$ \OT1/ptm/m/n/10 rep-re-sents the cor-rec-
 []


LaTeX Warning: Citation `Gay2007' on page 4 undefined on input line 318.


LaTeX Warning: Citation `Hunt2016a' on page 4 undefined on input line 325.


LaTeX Warning: Citation `Silver2014' on page 4 undefined on input line 325.


Underfull \hbox (badness 2799) in paragraph at lines 342--343
[]\OT1/ptm/m/n/10 A copy is made of the ac-tor and critic net-works,
 []


LaTeX Warning: Citation `Hunt2016a' on page 4 undefined on input line 345.


LaTeX Warning: Citation `Hunt2016a' on page 4 undefined on input line 345.

LaTeX Font Info:    Trying to load font information for OT1+pcr on input line 352.
(/usr/local/texlive/2020/texmf-dist/tex/latex/psnfss/ot1pcr.fd
File: ot1pcr.fd 2001/06/04 font definitions for OT1/pcr.
)
Underfull \hbox (badness 10000) in paragraph at lines 359--360
[] []\OT1/ptm/m/n/9 Sample a ran-dom mini-batch of $\OML/cmm/m/it/9 N$ \OT1/ptm/m/n/9 tran-si-tions
 []


Overfull \hbox (0.51257pt too wide) detected at line 362
\U/msa/m/n/9 O[]\OML/cmm/m/it/9 J \OMS/cmsy/m/n/9 ^^Y [] [] \U/msa/m/n/9 O[]\OML/cmm/m/it/9 Q\OT1/cmr/m/n/9 (\OML/cmm/m/it/9 s; a\OMS/cmsy/m/n/9 j\OML/cmm/m/it/9 ^^R[]\OT1/cmr/m/n/9 )\OMS/cmsy/m/n/9 j[]\U/msa/m/n/9 O[]\OML/cmm/m/it/9 ^^V\OT1/cmr/m/n/9 (\OML/cmm/m/it/9 s\OMS/cmsy/m/n/9 j\OML/cmm/m/it/9 ^^R[]\OT1/cmr/m/n/9 )\OMS/cmsy/m/n/9 j[]
 []


LaTeX Warning: Citation `Kell' on page 4 undefined on input line 374.


LaTeX Warning: Citation `Kell2020' on page 4 undefined on input line 374.


LaTeX Warning: Citation `Kell2020' on page 4 undefined on input line 376.

[4]

LaTeX Warning: Citation `Kell2020' on page 5 undefined on input line 384.

<figures/methedology/system-overview-v2.png, id=40, 923.45pt x 538.01pt>
File: figures/methedology/system-overview-v2.png Graphic file (type png)
<use figures/methedology/system-overview-v2.png>
Package pdftex.def Info: figures/methedology/system-overview-v2.png  used on input line 394.
(pdftex.def)             Requested size: 232.19843pt x 135.28206pt.

LaTeX Warning: Citation `Kell' on page 5 undefined on input line 395.


LaTeX Warning: Citation `Kell' on page 5 undefined on input line 395.


LaTeX Warning: Citation `dukes_511' on page 5 undefined on input line 423.


LaTeX Warning: Citation `gbnationalgridstatus_2019' on page 5 undefined on input line 423.


LaTeX Warning: Citation `Pfenninger2016' on page 5 undefined on input line 423.

[5 <./figures/methedology/system-overview-v2.png>]
LaTeX Font Info:    Font shape `OMS/ptm/m/n' in size <8> not available
(Font)              Font shape `OMS/cmsy/m/n' tried instead on input line 453.


LaTeX Warning: Citation `EsmaeiliAliabadi2017' on page 6 undefined on input line 512.


LaTeX Warning: Citation `EsmaeiliAliabadi2017' on page 6 undefined on input line 524.


Underfull \hbox (badness 10000) in paragraph at lines 524--525

 []

[6]
<figures/results/unbounded_results.pdf, id=47, 853.1875pt x 568.1225pt>
File: figures/results/unbounded_results.pdf Graphic file (type pdf)
<use figures/results/unbounded_results.pdf>
Package pdftex.def Info: figures/results/unbounded_results.pdf  used on input line 539.
(pdftex.def)             Requested size: 232.19843pt x 154.61742pt.
<figures/results/bounded_results.pdf, id=48, 853.1875pt x 568.1225pt>
File: figures/results/bounded_results.pdf Graphic file (type pdf)
<use figures/results/bounded_results.pdf>
Package pdftex.def Info: figures/results/bounded_results.pdf  used on input line 548.
(pdftex.def)             Requested size: 232.19843pt x 154.61742pt.

Underfull \hbox (badness 4595) in paragraph at lines 555--556
[]\OT1/ptm/m/n/10 The av-er-age elec-tric-ity price for a ca-pac-ity be-low
 []


LaTeX Warning: No positions in optional float specifier.
               Default added (so using `tbp') on input line 563.

<figures/results/unbounded_results_scatter.pdf, id=49, 853.1875pt x 568.1225pt>
File: figures/results/unbounded_results_scatter.pdf Graphic file (type pdf)
<use figures/results/unbounded_results_scatter.pdf>
Package pdftex.def Info: figures/results/unbounded_results_scatter.pdf  used on input line 567.
(pdftex.def)             Requested size: 232.19843pt x 154.61742pt.

Underfull \hbox (badness 3354) in paragraph at lines 573--574
[]\OT1/ptm/m/n/10 Figure 3[] shows a clus-ter be-tween $[]$\TS1/ptm/m/n/10 £$\OT1/cmr/m/n/10 60$\OT1/ptm/m/n/10 /MWh and
 []

<figures/results/bounded_results_scatter.pdf, id=50, 853.1875pt x 568.1225pt>
File: figures/results/bounded_results_scatter.pdf Graphic file (type pdf)
<use figures/results/bounded_results_scatter.pdf>
Package pdftex.def Info: figures/results/bounded_results_scatter.pdf  used on input line 585.
(pdftex.def)             Requested size: 232.19843pt x 154.61742pt.
[7 <./figures/results/unbounded_results.pdf> <./figures/results/bounded_results.pdf>]
<figures/results/large_company_capped_600_bids.png, id=74, 11855.29124pt x 7903.5275pt>
File: figures/results/large_company_capped_600_bids.png Graphic file (type png)
<use figures/results/large_company_capped_600_bids.png>
Package pdftex.def Info: figures/results/large_company_capped_600_bids.png  used on input line 614.
(pdftex.def)             Requested size: 232.19843pt x 154.72719pt.
<figures/results/small_company_capped_600_bids.png, id=76, 11855.29124pt x 7903.5275pt>
File: figures/results/small_company_capped_600_bids.png Graphic file (type png)
<use figures/results/small_company_capped_600_bids.png>
Package pdftex.def Info: figures/results/small_company_capped_600_bids.png  used on input line 624.
(pdftex.def)             Requested size: 232.19843pt x 154.72719pt.
<figures/results/large_company_capped_150_bids.png, id=77, 11855.29124pt x 7903.5275pt>
File: figures/results/large_company_capped_150_bids.png Graphic file (type png)
<use figures/results/large_company_capped_150_bids.png>
Package pdftex.def Info: figures/results/large_company_capped_150_bids.png  used on input line 641.
(pdftex.def)             Requested size: 232.19843pt x 154.72719pt.
<figures/results/small_company_capped_150_bids.png, id=78, 11855.29124pt x 7903.5275pt>
File: figures/results/small_company_capped_150_bids.png Graphic file (type png)
<use figures/results/small_company_capped_150_bids.png>
Package pdftex.def Info: figures/results/small_company_capped_150_bids.png  used on input line 651.
(pdftex.def)             Requested size: 232.19843pt x 154.72719pt.
<figures/results/ecdf_all.png, id=79, 11855.29124pt x 7903.5275pt>
File: figures/results/ecdf_all.png Graphic file (type png)
<use figures/results/ecdf_all.png>
Package pdftex.def Info: figures/results/ecdf_all.png  used on input line 665.
(pdftex.def)             Requested size: 232.19843pt x 154.72719pt.
<figures/results/sensitivity_analysis.png, id=80, 11855.29124pt x 7903.5275pt>
File: figures/results/sensitivity_analysis.png Graphic file (type png)
<use figures/results/sensitivity_analysis.png>
Package pdftex.def Info: figures/results/sensitivity_analysis.png  used on input line 675.
(pdftex.def)             Requested size: 232.19843pt x 154.72719pt.
 [8 <./figures/results/unbounded_results_scatter.pdf> <./figures/results/bounded_results_scatter.pdf>] [9 <./figures/results/large_company_capped_600_bids.png> <./figures/results/small_company_capped_600_bids.png> <./figures/results/large_company_capped_150_bids.png> <./figures/results/small_company_capped_150_bids.png> <./figures/results/ecdf_all.png>] (./diff_file.bbl)

** Conference Paper **
Before submitting the final camera ready copy, remember to:

 1. Manually equalize the lengths of two columns on the last page
 of your paper;

 2. Ensure that any PostScript and/or PDF output post-processing
 uses only Type 1 fonts and that every step in the generation
 process uses the appropriate paper size.

[10 <./figures/results/sensitivity_analysis.png>] (./diff_file.aux)

LaTeX Warning: There were undefined references.


LaTeX Warning: Label(s) may have changed. Rerun to get cross-references right.

 ) 
Here is how much of TeX's memory you used:
 9226 strings out of 480608
 149844 string characters out of 5903630
 436724 words of memory out of 5000000
 24947 multiletter control sequences out of 15000+600000
 578116 words of font info for 123 fonts, out of 8000000 for 9000
 1141 hyphenation exceptions out of 8191
 48i,15n,48p,1186b,597s stack positions out of 5000i,500n,10000p,200000b,80000s
{/usr/local/texlive/2020/texmf-dist/fonts/enc/dvips/base/8r.enc}</usr/local/texlive/2020/texmf-dist/fonts/type1/public/amsfonts/cm/cmex10.pfb></usr/local/texlive/2020/texmf-dist/fonts/type1/public/amsfonts/cmextra/cmex9.pfb></usr/local/texlive/2020/texmf-dist/fonts/type1/public/amsfonts/cm/cmmi10.pfb></usr/local/texlive/2020/texmf-dist/fonts/type1/public/amsfonts/cm/cmmi5.pfb></usr/local/texlive/2020/texmf-dist/fonts/type1/public/amsfonts/cm/cmmi6.pfb></usr/local/texlive/2020/texmf-dist/fonts/type1/public/amsfonts/cm/cmmi7.pfb></usr/local/texlive/2020/texmf-dist/fonts/type1/public/amsfonts/cm/cmmi9.pfb></usr/local/texlive/2020/texmf-dist/fonts/type1/public/amsfonts/cm/cmr10.pfb></usr/local/texlive/2020/texmf-dist/fonts/type1/public/amsfonts/cm/cmr5.pfb></usr/local/texlive/2020/texmf-dist/fonts/type1/public/amsfonts/cm/cmr6.pfb></usr/local/texlive/2020/texmf-dist/fonts/type1/public/amsfonts/cm/cmr7.pfb></usr/local/texlive/2020/texmf-dist/fonts/type1/public/amsfonts/cm/cmr9.pfb></usr/local/texlive/2020/texmf-dist/fonts/type1/public/amsfonts/cm/cmsy10.pfb></usr/local/texlive/2020/texmf-dist/fonts/type1/public/amsfonts/cm/cmsy5.pfb></usr/local/texlive/2020/texmf-dist/fonts/type1/public/amsfonts/cm/cmsy6.pfb></usr/local/texlive/2020/texmf-dist/fonts/type1/public/amsfonts/cm/cmsy7.pfb></usr/local/texlive/2020/texmf-dist/fonts/type1/public/amsfonts/cm/cmsy8.pfb></usr/local/texlive/2020/texmf-dist/fonts/type1/public/amsfonts/cm/cmsy9.pfb></usr/local/texlive/2020/texmf-dist/fonts/type1/public/amsfonts/latxfont/lasy6.pfb></usr/local/texlive/2020/texmf-dist/fonts/type1/public/amsfonts/symbols/msam10.pfb></usr/local/texlive/2020/texmf-dist/fonts/type1/public/amsfonts/symbols/msbm10.pfb></usr/local/texlive/2020/texmf-dist/fonts/type1/urw/courier/ucrr8a.pfb></usr/local/texlive/2020/texmf-dist/fonts/type1/urw/times/utmb8a.pfb></usr/local/texlive/2020/texmf-dist/fonts/type1/urw/times/utmbi8a.pfb></usr/local/texlive/2020/texmf-dist/fonts/type1/urw/times/utmr8a.pfb></usr/local/texlive/2020/texmf-dist/fonts/type1/urw/times/utmri8
a.pfb>
Output written on diff_file.pdf (10 pages, 5831633 bytes).
PDF statistics:
 193 PDF objects out of 1000 (max. 8388607)
 128 compressed objects within 2 object streams
 0 named destinations out of 1000 (max. 500000)
 56 words of extra memory for PDF output out of 10000 (max. 10000000)

